 접속한 클라이언트 IP : 0:0:0:0:0:0:0:1
 접근한 URL 경로 : /BookMarket/books.jsp
 요청 처리 시작 시각 : 2025/02/11 09:54:36
 요청 처리 종료 시각 : 2025/02/11 09:54:36
 요청 처리 소요 시각 : 67ms 
==================================================
 접속한 클라이언트 IP : 0:0:0:0:0:0:0:1
 접근한 URL 경로 : /BookMarket/cart.jsp
 요청 처리 시작 시각 : 2025/02/11 14:47:57
 요청 처리 종료 시각 : 2025/02/11 14:47:57
 요청 처리 소요 시각 : 640ms 
==================================================
 접속한 클라이언트 IP : 0:0:0:0:0:0:0:1
 접근한 URL 경로 : /BookMarket/books.jsp
 요청 처리 시작 시각 : 2025/02/11 14:48:15
 요청 처리 종료 시각 : 2025/02/11 14:48:15
 요청 처리 소요 시각 : 20ms 
==================================================
 접속한 클라이언트 IP : 0:0:0:0:0:0:0:1
 접근한 URL 경로 : /BookMarket/book.jsp?id=ISBN1234
 요청 처리 시작 시각 : 2025/02/11 14:48:17
 요청 처리 종료 시각 : 2025/02/11 14:48:17
 요청 처리 소요 시각 : 165ms 
==================================================
 접속한 클라이언트 IP : 0:0:0:0:0:0:0:1
 접근한 URL 경로 : /BookMarket/cart.jsp
 요청 처리 시작 시각 : 2025/02/11 14:48:18
 요청 처리 종료 시각 : 2025/02/11 14:48:18
 요청 처리 소요 시각 : 2ms 
==================================================
 접속한 클라이언트 IP : 0:0:0:0:0:0:0:1
 접근한 URL 경로 : /BookMarket/books.jsp
 요청 처리 시작 시각 : 2025/02/11 14:48:19
 요청 처리 종료 시각 : 2025/02/11 14:48:19
 요청 처리 소요 시각 : 0ms 
==================================================
 접속한 클라이언트 IP : 0:0:0:0:0:0:0:1
 접근한 URL 경로 : /BookMarket/book.jsp?id=ISBN1235
 요청 처리 시작 시각 : 2025/02/11 14:48:21
 요청 처리 종료 시각 : 2025/02/11 14:48:21
 요청 처리 소요 시각 : 1ms 
==================================================
 접속한 클라이언트 IP : 0:0:0:0:0:0:0:1
 접근한 URL 경로 : /BookMarket/cart.jsp
 요청 처리 시작 시각 : 2025/02/11 14:48:24
 요청 처리 종료 시각 : 2025/02/11 14:48:24
 요청 처리 소요 시각 : 2ms 
==================================================
 접속한 클라이언트 IP : 0:0:0:0:0:0:0:1
 접근한 URL 경로 : /BookMarket/deleteCart.jsp?cartId=FC58D5F577B0C84A1BE32586B9289E6D
 요청 처리 시작 시각 : 2025/02/11 14:48:32
 요청 처리 종료 시각 : 2025/02/11 14:48:32
 요청 처리 소요 시각 : 0ms 
==================================================
 접속한 클라이언트 IP : 0:0:0:0:0:0:0:1
 접근한 URL 경로 : /BookMarket/books.jsp
 요청 처리 시작 시각 : 2025/02/11 14:48:33
 요청 처리 종료 시각 : 2025/02/11 14:48:33
 요청 처리 소요 시각 : 2ms 
==================================================
 접속한 클라이언트 IP : 0:0:0:0:0:0:0:1
 접근한 URL 경로 : /BookMarket/books.jsp
 요청 처리 시작 시각 : 2025/02/11 15:11:38
 요청 처리 종료 시각 : 2025/02/11 15:11:38
 요청 처리 소요 시각 : 79ms 
==================================================
 접속한 클라이언트 IP : 0:0:0:0:0:0:0:1
 접근한 URL 경로 : /BookMarket/book.jsp?id=ISBN1234
 요청 처리 시작 시각 : 2025/02/11 15:11:40
 요청 처리 종료 시각 : 2025/02/11 15:11:40
 요청 처리 소요 시각 : 13ms 
==================================================
 접속한 클라이언트 IP : 0:0:0:0:0:0:0:1
 접근한 URL 경로 : /BookMarket/cart.jsp
 요청 처리 시작 시각 : 2025/02/11 15:11:42
 요청 처리 종료 시각 : 2025/02/11 15:11:42
 요청 처리 소요 시각 : 558ms 
==================================================
 접속한 클라이언트 IP : 0:0:0:0:0:0:0:1
 접근한 URL 경로 : /BookMarket/books.jsp
 요청 처리 시작 시각 : 2025/02/11 15:13:24
 요청 처리 종료 시각 : 2025/02/11 15:13:24
 요청 처리 소요 시각 : 3ms 
==================================================
 접속한 클라이언트 IP : 0:0:0:0:0:0:0:1
 접근한 URL 경로 : /BookMarket/book.jsp?id=ISBN1236
 요청 처리 시작 시각 : 2025/02/11 15:13:26
 요청 처리 종료 시각 : 2025/02/11 15:13:26
 요청 처리 소요 시각 : 1ms 
==================================================
 접속한 클라이언트 IP : 0:0:0:0:0:0:0:1
 접근한 URL 경로 : /BookMarket/cart.jsp
 요청 처리 시작 시각 : 2025/02/11 15:13:32
 요청 처리 종료 시각 : 2025/02/11 15:13:32
 요청 처리 소요 시각 : 3ms 
==================================================
 접속한 클라이언트 IP : 0:0:0:0:0:0:0:1
 접근한 URL 경로 : /BookMarket/cart.jsp
 요청 처리 시작 시각 : 2025/02/11 15:14:51
 요청 처리 종료 시각 : 2025/02/11 15:14:51
 요청 처리 소요 시각 : 2ms 
==================================================
 접속한 클라이언트 IP : 0:0:0:0:0:0:0:1
 접근한 URL 경로 : /BookMarket/deleteCart.jsp?cartId=7E629B6F766607E7E9098E9137DF11AA
 요청 처리 시작 시각 : 2025/02/11 15:14:57
 요청 처리 종료 시각 : 2025/02/11 15:14:57
 요청 처리 소요 시각 : 97ms 
==================================================
 접속한 클라이언트 IP : 0:0:0:0:0:0:0:1
 접근한 URL 경로 : /BookMarket/cart.jsp
 요청 처리 시작 시각 : 2025/02/11 15:14:57
 요청 처리 종료 시각 : 2025/02/11 15:14:57
 요청 처리 소요 시각 : 2ms 
==================================================
 접속한 클라이언트 IP : 0:0:0:0:0:0:0:1
 접근한 URL 경로 : /BookMarket/books.jsp
 요청 처리 시작 시각 : 2025/02/11 15:15:03
 요청 처리 종료 시각 : 2025/02/11 15:15:03
 요청 처리 소요 시각 : 2ms 
==================================================
 접속한 클라이언트 IP : 0:0:0:0:0:0:0:1
 접근한 URL 경로 : /BookMarket/book.jsp?id=ISBN1235
 요청 처리 시작 시각 : 2025/02/11 15:15:04
 요청 처리 종료 시각 : 2025/02/11 15:15:04
 요청 처리 소요 시각 : 1ms 
==================================================
 접속한 클라이언트 IP : 0:0:0:0:0:0:0:1
 접근한 URL 경로 : /BookMarket/books.jsp
 요청 처리 시작 시각 : 2025/02/11 15:15:06
 요청 처리 종료 시각 : 2025/02/11 15:15:06
 요청 처리 소요 시각 : 1ms 
==================================================
 접속한 클라이언트 IP : 0:0:0:0:0:0:0:1
 접근한 URL 경로 : /BookMarket/book.jsp?id=ISBN1235
 요청 처리 시작 시각 : 2025/02/11 15:15:08
 요청 처리 종료 시각 : 2025/02/11 15:15:08
 요청 처리 소요 시각 : 2ms 
==================================================
 접속한 클라이언트 IP : 0:0:0:0:0:0:0:1
 접근한 URL 경로 : /BookMarket/cart.jsp
 요청 처리 시작 시각 : 2025/02/11 15:15:08
 요청 처리 종료 시각 : 2025/02/11 15:15:08
 요청 처리 소요 시각 : 1ms 
==================================================
 접속한 클라이언트 IP : 0:0:0:0:0:0:0:1
 접근한 URL 경로 : /BookMarket/books.jsp
 요청 처리 시작 시각 : 2025/02/11 15:15:10
 요청 처리 종료 시각 : 2025/02/11 15:15:10
 요청 처리 소요 시각 : 1ms 
==================================================
 접속한 클라이언트 IP : 0:0:0:0:0:0:0:1
 접근한 URL 경로 : /BookMarket/book.jsp?id=ISBN1234
 요청 처리 시작 시각 : 2025/02/11 15:15:11
 요청 처리 종료 시각 : 2025/02/11 15:15:11
 요청 처리 소요 시각 : 1ms 
==================================================
 접속한 클라이언트 IP : 0:0:0:0:0:0:0:1
 접근한 URL 경로 : /BookMarket/books.jsp
 요청 처리 시작 시각 : 2025/02/11 15:15:14
 요청 처리 종료 시각 : 2025/02/11 15:15:14
 요청 처리 소요 시각 : 1ms 
==================================================
 접속한 클라이언트 IP : 0:0:0:0:0:0:0:1
 접근한 URL 경로 : /BookMarket/book.jsp?id=ISBN1234
 요청 처리 시작 시각 : 2025/02/11 15:15:15
 요청 처리 종료 시각 : 2025/02/11 15:15:15
 요청 처리 소요 시각 : 0ms 
==================================================
 접속한 클라이언트 IP : 0:0:0:0:0:0:0:1
 접근한 URL 경로 : /BookMarket/cart.jsp
 요청 처리 시작 시각 : 2025/02/11 15:15:16
 요청 처리 종료 시각 : 2025/02/11 15:15:16
 요청 처리 소요 시각 : 2ms 
==================================================
 접속한 클라이언트 IP : 0:0:0:0:0:0:0:1
 접근한 URL 경로 : /BookMarket/books.jsp
 요청 처리 시작 시각 : 2025/02/11 15:19:21
 요청 처리 종료 시각 : 2025/02/11 15:19:21
 요청 처리 소요 시각 : 74ms 
==================================================
 접속한 클라이언트 IP : 0:0:0:0:0:0:0:1
 접근한 URL 경로 : /BookMarket/book.jsp?id=ISBN1234
 요청 처리 시작 시각 : 2025/02/11 15:19:23
 요청 처리 종료 시각 : 2025/02/11 15:19:23
 요청 처리 소요 시각 : 559ms 
==================================================
 접속한 클라이언트 IP : 0:0:0:0:0:0:0:1
 접근한 URL 경로 : /BookMarket/cart.jsp
 요청 처리 시작 시각 : 2025/02/11 15:19:24
 요청 처리 종료 시각 : 2025/02/11 15:19:24
 요청 처리 소요 시각 : 2ms 
==================================================
 접속한 클라이언트 IP : 0:0:0:0:0:0:0:1
 접근한 URL 경로 : /BookMarket/cart.jsp
 요청 처리 시작 시각 : 2025/02/11 15:19:28
 요청 처리 종료 시각 : 2025/02/11 15:19:28
 요청 처리 소요 시각 : 2ms 
==================================================
 접속한 클라이언트 IP : 0:0:0:0:0:0:0:1
 접근한 URL 경로 : /BookMarket/books.jsp
 요청 처리 시작 시각 : 2025/02/11 15:19:30
 요청 처리 종료 시각 : 2025/02/11 15:19:30
 요청 처리 소요 시각 : 1ms 
==================================================
 접속한 클라이언트 IP : 0:0:0:0:0:0:0:1
 접근한 URL 경로 : /BookMarket/book.jsp?id=ISBN1235
 요청 처리 시작 시각 : 2025/02/11 15:19:31
 요청 처리 종료 시각 : 2025/02/11 15:19:31
 요청 처리 소요 시각 : 1ms 
==================================================
 접속한 클라이언트 IP : 0:0:0:0:0:0:0:1
 접근한 URL 경로 : /BookMarket/cart.jsp
 요청 처리 시작 시각 : 2025/02/11 15:19:31
 요청 처리 종료 시각 : 2025/02/11 15:19:31
 요청 처리 소요 시각 : 0ms 
==================================================
 접속한 클라이언트 IP : 0:0:0:0:0:0:0:1
 접근한 URL 경로 : /BookMarket/books.jsp
 요청 처리 시작 시각 : 2025/02/11 15:23:24
 요청 처리 종료 시각 : 2025/02/11 15:23:24
 요청 처리 소요 시각 : 79ms 
==================================================
 접속한 클라이언트 IP : 0:0:0:0:0:0:0:1
 접근한 URL 경로 : /BookMarket/book.jsp?id=ISBN1234
 요청 처리 시작 시각 : 2025/02/11 15:23:26
 요청 처리 종료 시각 : 2025/02/11 15:23:26
 요청 처리 소요 시각 : 13ms 
==================================================
 접속한 클라이언트 IP : 0:0:0:0:0:0:0:1
 접근한 URL 경로 : /BookMarket/cart.jsp
 요청 처리 시작 시각 : 2025/02/11 15:23:27
 요청 처리 종료 시각 : 2025/02/11 15:23:27
 요청 처리 소요 시각 : 2ms 
==================================================
 접속한 클라이언트 IP : 0:0:0:0:0:0:0:1
 접근한 URL 경로 : /BookMarket/addCart.jsp?id=ISBN1234
 요청 처리 시작 시각 : 2025/02/11 15:23:31
 요청 처리 종료 시각 : 2025/02/11 15:23:32
 요청 처리 소요 시각 : 516ms 
==================================================
 접속한 클라이언트 IP : 0:0:0:0:0:0:0:1
 접근한 URL 경로 : /BookMarket/book.jsp?id%20=%20ISBN1234
 요청 처리 시작 시각 : 2025/02/11 15:23:32
 요청 처리 종료 시각 : 2025/02/11 15:23:32
 요청 처리 소요 시각 : 24ms 
==================================================
 접속한 클라이언트 IP : 0:0:0:0:0:0:0:1
 접근한 URL 경로 : /BookMarket/cart.jsp
 요청 처리 시작 시각 : 2025/02/11 15:23:35
 요청 처리 종료 시각 : 2025/02/11 15:23:35
 요청 처리 소요 시각 : 2ms 
==================================================
 접속한 클라이언트 IP : 0:0:0:0:0:0:0:1
 접근한 URL 경로 : /BookMarket/addCart.jsp?id=ISBN1234
 요청 처리 시작 시각 : 2025/02/11 15:23:54
 요청 처리 종료 시각 : 2025/02/11 15:23:54
 요청 처리 소요 시각 : 0ms 
==================================================
 접속한 클라이언트 IP : 0:0:0:0:0:0:0:1
 접근한 URL 경로 : /BookMarket/book.jsp?id%20=%20ISBN1234
 요청 처리 시작 시각 : 2025/02/11 15:23:54
 요청 처리 종료 시각 : 2025/02/11 15:23:54
 요청 처리 소요 시각 : 2ms 
==================================================
 접속한 클라이언트 IP : 0:0:0:0:0:0:0:1
 접근한 URL 경로 : /BookMarket/books.jsp
 요청 처리 시작 시각 : 2025/02/11 15:24:01
 요청 처리 종료 시각 : 2025/02/11 15:24:01
 요청 처리 소요 시각 : 1ms 
==================================================
 접속한 클라이언트 IP : 0:0:0:0:0:0:0:1
 접근한 URL 경로 : /BookMarket/book.jsp?id=ISBN1234
 요청 처리 시작 시각 : 2025/02/11 15:24:03
 요청 처리 종료 시각 : 2025/02/11 15:24:03
 요청 처리 소요 시각 : 1ms 
==================================================
 접속한 클라이언트 IP : 0:0:0:0:0:0:0:1
 접근한 URL 경로 : /BookMarket/cart.jsp
 요청 처리 시작 시각 : 2025/02/11 15:24:03
 요청 처리 종료 시각 : 2025/02/11 15:24:03
 요청 처리 소요 시각 : 1ms 
==================================================
 접속한 클라이언트 IP : 0:0:0:0:0:0:0:1
 접근한 URL 경로 : /BookMarket/deleteCart.jsp?cartId=12091A05C8DA1B644EC06C5E22F46084
 요청 처리 시작 시각 : 2025/02/11 15:25:12
 요청 처리 종료 시각 : 2025/02/11 15:25:12
 요청 처리 소요 시각 : 2ms 
==================================================
 접속한 클라이언트 IP : 0:0:0:0:0:0:0:1
 접근한 URL 경로 : /BookMarket/cart.jsp
 요청 처리 시작 시각 : 2025/02/11 15:25:12
 요청 처리 종료 시각 : 2025/02/11 15:25:12
 요청 처리 소요 시각 : 1ms 
==================================================
 접속한 클라이언트 IP : 0:0:0:0:0:0:0:1
 접근한 URL 경로 : /BookMarket/books.jsp
 요청 처리 시작 시각 : 2025/02/11 15:25:13
 요청 처리 종료 시각 : 2025/02/11 15:25:13
 요청 처리 소요 시각 : 1ms 
==================================================
 접속한 클라이언트 IP : 0:0:0:0:0:0:0:1
 접근한 URL 경로 : /BookMarket/book.jsp?id=ISBN1234
 요청 처리 시작 시각 : 2025/02/11 15:25:15
 요청 처리 종료 시각 : 2025/02/11 15:25:15
 요청 처리 소요 시각 : 1ms 
==================================================
 접속한 클라이언트 IP : 0:0:0:0:0:0:0:1
 접근한 URL 경로 : /BookMarket/addCart.jsp?id=ISBN1234
 요청 처리 시작 시각 : 2025/02/11 15:25:17
 요청 처리 종료 시각 : 2025/02/11 15:25:17
 요청 처리 소요 시각 : 1ms 
==================================================
 접속한 클라이언트 IP : 0:0:0:0:0:0:0:1
 접근한 URL 경로 : /BookMarket/book.jsp?id%20=%20ISBN1234
 요청 처리 시작 시각 : 2025/02/11 15:25:17
 요청 처리 종료 시각 : 2025/02/11 15:25:17
 요청 처리 소요 시각 : 1ms 
==================================================
 접속한 클라이언트 IP : 0:0:0:0:0:0:0:1
 접근한 URL 경로 : /BookMarket/books.jsp
 요청 처리 시작 시각 : 2025/02/11 15:25:19
 요청 처리 종료 시각 : 2025/02/11 15:25:19
 요청 처리 소요 시각 : 2ms 
==================================================
 접속한 클라이언트 IP : 0:0:0:0:0:0:0:1
 접근한 URL 경로 : /BookMarket/book.jsp?id=ISBN1234
 요청 처리 시작 시각 : 2025/02/11 15:25:20
 요청 처리 종료 시각 : 2025/02/11 15:25:20
 요청 처리 소요 시각 : 1ms 
==================================================
 접속한 클라이언트 IP : 0:0:0:0:0:0:0:1
 접근한 URL 경로 : /BookMarket/cart.jsp
 요청 처리 시작 시각 : 2025/02/11 15:25:21
 요청 처리 종료 시각 : 2025/02/11 15:25:21
 요청 처리 소요 시각 : 1ms 
==================================================
 접속한 클라이언트 IP : 0:0:0:0:0:0:0:1
 접근한 URL 경로 : /BookMarket/removeCart.jsp?id=ISBN1234
 요청 처리 시작 시각 : 2025/02/11 15:25:21
 요청 처리 종료 시각 : 2025/02/11 15:25:21
 요청 처리 소요 시각 : 119ms 
==================================================
 접속한 클라이언트 IP : 0:0:0:0:0:0:0:1
 접근한 URL 경로 : /BookMarket/cart.jsp
 요청 처리 시작 시각 : 2025/02/11 15:25:21
 요청 처리 종료 시각 : 2025/02/11 15:25:21
 요청 처리 소요 시각 : 0ms 
==================================================
 접속한 클라이언트 IP : 0:0:0:0:0:0:0:1
 접근한 URL 경로 : /BookMarket/books.jsp
 요청 처리 시작 시각 : 2025/02/11 15:30:00
 요청 처리 종료 시각 : 2025/02/11 15:30:00
 요청 처리 소요 시각 : 73ms 
==================================================
 접속한 클라이언트 IP : 0:0:0:0:0:0:0:1
 접근한 URL 경로 : /BookMarket/book.jsp?id=ISBN1235
 요청 처리 시작 시각 : 2025/02/11 15:30:03
 요청 처리 종료 시각 : 2025/02/11 15:30:03
 요청 처리 소요 시각 : 11ms 
==================================================
 접속한 클라이언트 IP : 0:0:0:0:0:0:0:1
 접근한 URL 경로 : /BookMarket/addCart.jsp?id=ISBN1235
 요청 처리 시작 시각 : 2025/02/11 15:30:06
 요청 처리 종료 시각 : 2025/02/11 15:30:06
 요청 처리 소요 시각 : 3ms 
==================================================
 접속한 클라이언트 IP : 0:0:0:0:0:0:0:1
 접근한 URL 경로 : /BookMarket/book.jsp?id%20=%20ISBN1235
 요청 처리 시작 시각 : 2025/02/11 15:30:06
 요청 처리 종료 시각 : 2025/02/11 15:30:06
 요청 처리 소요 시각 : 4ms 
==================================================
 접속한 클라이언트 IP : 0:0:0:0:0:0:0:1
 접근한 URL 경로 : /BookMarket/addCart.jsp?id=ISBN1235
 요청 처리 시작 시각 : 2025/02/11 15:30:20
 요청 처리 종료 시각 : 2025/02/11 15:30:20
 요청 처리 소요 시각 : 0ms 
==================================================
 접속한 클라이언트 IP : 0:0:0:0:0:0:0:1
 접근한 URL 경로 : /BookMarket/book.jsp?id%20=%20ISBN1235
 요청 처리 시작 시각 : 2025/02/11 15:30:20
 요청 처리 종료 시각 : 2025/02/11 15:30:20
 요청 처리 소요 시각 : 2ms 
==================================================
 접속한 클라이언트 IP : 0:0:0:0:0:0:0:1
 접근한 URL 경로 : /BookMarket/books.jsp
 요청 처리 시작 시각 : 2025/02/11 15:32:53
 요청 처리 종료 시각 : 2025/02/11 15:32:53
 요청 처리 소요 시각 : 2ms 
==================================================
 접속한 클라이언트 IP : 0:0:0:0:0:0:0:1
 접근한 URL 경로 : /BookMarket/book.jsp?id=ISBN1234
 요청 처리 시작 시각 : 2025/02/11 15:32:57
 요청 처리 종료 시각 : 2025/02/11 15:32:57
 요청 처리 소요 시각 : 1ms 
==================================================
 접속한 클라이언트 IP : 0:0:0:0:0:0:0:1
 접근한 URL 경로 : /BookMarket/addCart.jsp?id=ISBN1234
 요청 처리 시작 시각 : 2025/02/11 15:33:07
 요청 처리 종료 시각 : 2025/02/11 15:33:07
 요청 처리 소요 시각 : 1ms 
==================================================
 접속한 클라이언트 IP : 0:0:0:0:0:0:0:1
 접근한 URL 경로 : /BookMarket/book.jsp?id%20=%20ISBN1234
 요청 처리 시작 시각 : 2025/02/11 15:33:07
 요청 처리 종료 시각 : 2025/02/11 15:33:07
 요청 처리 소요 시각 : 2ms 
==================================================
 접속한 클라이언트 IP : 0:0:0:0:0:0:0:1
 접근한 URL 경로 : /BookMarket/book.jsp
 요청 처리 시작 시각 : 2025/02/11 15:35:58
 요청 처리 종료 시각 : 2025/02/11 15:35:59
 요청 처리 소요 시각 : 632ms 
==================================================
 접속한 클라이언트 IP : 0:0:0:0:0:0:0:1
 접근한 URL 경로 : /BookMarket/books.jsp
 요청 처리 시작 시각 : 2025/02/11 15:36:00
 요청 처리 종료 시각 : 2025/02/11 15:36:00
 요청 처리 소요 시각 : 3ms 
==================================================
 접속한 클라이언트 IP : 0:0:0:0:0:0:0:1
 접근한 URL 경로 : /BookMarket/book.jsp?id=ISBN1234
 요청 처리 시작 시각 : 2025/02/11 15:36:02
 요청 처리 종료 시각 : 2025/02/11 15:36:02
 요청 처리 소요 시각 : 4ms 
==================================================
 접속한 클라이언트 IP : 0:0:0:0:0:0:0:1
 접근한 URL 경로 : /BookMarket/addCart.jsp?id=ISBN1234
 요청 처리 시작 시각 : 2025/02/11 15:36:03
 요청 처리 종료 시각 : 2025/02/11 15:36:03
 요청 처리 소요 시각 : 4ms 
==================================================
 접속한 클라이언트 IP : 0:0:0:0:0:0:0:1
 접근한 URL 경로 : /BookMarket/book.jsp?id%20=%20ISBN1234
 요청 처리 시작 시각 : 2025/02/11 15:36:03
 요청 처리 종료 시각 : 2025/02/11 15:36:03
 요청 처리 소요 시각 : 2ms 
==================================================
 접속한 클라이언트 IP : 0:0:0:0:0:0:0:1
 접근한 URL 경로 : /BookMarket/book.jsp?id%20=ISBN1234
 요청 처리 시작 시각 : 2025/02/11 15:36:49
 요청 처리 종료 시각 : 2025/02/11 15:36:49
 요청 처리 소요 시각 : 4ms 
==================================================
 접속한 클라이언트 IP : 0:0:0:0:0:0:0:1
 접근한 URL 경로 : /BookMarket/books.jsp
 요청 처리 시작 시각 : 2025/02/11 15:36:56
 요청 처리 종료 시각 : 2025/02/11 15:36:56
 요청 처리 소요 시각 : 1ms 
==================================================
 접속한 클라이언트 IP : 0:0:0:0:0:0:0:1
 접근한 URL 경로 : /BookMarket/books.jsp
 요청 처리 시작 시각 : 2025/02/11 15:45:14
 요청 처리 종료 시각 : 2025/02/11 15:45:14
 요청 처리 소요 시각 : 1ms 
==================================================
 접속한 클라이언트 IP : 0:0:0:0:0:0:0:1
 접근한 URL 경로 : /BookMarket/book.jsp?id=ISBN1234
 요청 처리 시작 시각 : 2025/02/11 15:45:16
 요청 처리 종료 시각 : 2025/02/11 15:45:16
 요청 처리 소요 시각 : 1ms 
==================================================
 접속한 클라이언트 IP : 0:0:0:0:0:0:0:1
 접근한 URL 경로 : /BookMarket/addCart.jsp?id=ISBN1234
 요청 처리 시작 시각 : 2025/02/11 15:45:17
 요청 처리 종료 시각 : 2025/02/11 15:45:17
 요청 처리 소요 시각 : 137ms 
==================================================
 접속한 클라이언트 IP : 0:0:0:0:0:0:0:1
 접근한 URL 경로 : /BookMarket/book.jsp?id=ISBN1234
 요청 처리 시작 시각 : 2025/02/11 15:45:17
 요청 처리 종료 시각 : 2025/02/11 15:45:17
 요청 처리 소요 시각 : 1ms 
==================================================
 접속한 클라이언트 IP : 0:0:0:0:0:0:0:1
 접근한 URL 경로 : /BookMarket/books.jsp
 요청 처리 시작 시각 : 2025/02/11 15:45:21
 요청 처리 종료 시각 : 2025/02/11 15:45:21
 요청 처리 소요 시각 : 2ms 
==================================================
 접속한 클라이언트 IP : 0:0:0:0:0:0:0:1
 접근한 URL 경로 : /BookMarket/book.jsp?id=ISBN1234
 요청 처리 시작 시각 : 2025/02/11 15:45:22
 요청 처리 종료 시각 : 2025/02/11 15:45:22
 요청 처리 소요 시각 : 1ms 
==================================================
 접속한 클라이언트 IP : 0:0:0:0:0:0:0:1
 접근한 URL 경로 : /BookMarket/cart.jsp
 요청 처리 시작 시각 : 2025/02/11 15:45:23
 요청 처리 종료 시각 : 2025/02/11 15:45:23
 요청 처리 소요 시각 : 4ms 
==================================================
 접속한 클라이언트 IP : 0:0:0:0:0:0:0:1
 접근한 URL 경로 : /BookMarket/books.jsp
 요청 처리 시작 시각 : 2025/02/11 15:45:26
 요청 처리 종료 시각 : 2025/02/11 15:45:26
 요청 처리 소요 시각 : 0ms 
==================================================
 접속한 클라이언트 IP : 0:0:0:0:0:0:0:1
 접근한 URL 경로 : /BookMarket/book.jsp?id=ISBN1235
 요청 처리 시작 시각 : 2025/02/11 15:45:27
 요청 처리 종료 시각 : 2025/02/11 15:45:27
 요청 처리 소요 시각 : 2ms 
==================================================
 접속한 클라이언트 IP : 0:0:0:0:0:0:0:1
 접근한 URL 경로 : /BookMarket/addCart.jsp?id=ISBN1235
 요청 처리 시작 시각 : 2025/02/11 15:45:28
 요청 처리 종료 시각 : 2025/02/11 15:45:28
 요청 처리 소요 시각 : 0ms 
==================================================
 접속한 클라이언트 IP : 0:0:0:0:0:0:0:1
 접근한 URL 경로 : /BookMarket/book.jsp?id=ISBN1235
 요청 처리 시작 시각 : 2025/02/11 15:45:28
 요청 처리 종료 시각 : 2025/02/11 15:45:28
 요청 처리 소요 시각 : 1ms 
==================================================
 접속한 클라이언트 IP : 0:0:0:0:0:0:0:1
 접근한 URL 경로 : /BookMarket/addCart.jsp?id=ISBN1235
 요청 처리 시작 시각 : 2025/02/11 15:45:30
 요청 처리 종료 시각 : 2025/02/11 15:45:30
 요청 처리 소요 시각 : 0ms 
==================================================
 접속한 클라이언트 IP : 0:0:0:0:0:0:0:1
 접근한 URL 경로 : /BookMarket/book.jsp?id=ISBN1235
 요청 처리 시작 시각 : 2025/02/11 15:45:30
 요청 처리 종료 시각 : 2025/02/11 15:45:30
 요청 처리 소요 시각 : 1ms 
==================================================
 접속한 클라이언트 IP : 0:0:0:0:0:0:0:1
 접근한 URL 경로 : /BookMarket/cart.jsp
 요청 처리 시작 시각 : 2025/02/11 15:45:31
 요청 처리 종료 시각 : 2025/02/11 15:45:31
 요청 처리 소요 시각 : 1ms 
==================================================
 접속한 클라이언트 IP : 0:0:0:0:0:0:0:1
 접근한 URL 경로 : /BookMarket/books.jsp
 요청 처리 시작 시각 : 2025/02/11 15:45:33
 요청 처리 종료 시각 : 2025/02/11 15:45:33
 요청 처리 소요 시각 : 2ms 
==================================================
 접속한 클라이언트 IP : 0:0:0:0:0:0:0:1
 접근한 URL 경로 : /BookMarket/book.jsp?id=ISBN1236
 요청 처리 시작 시각 : 2025/02/11 15:45:34
 요청 처리 종료 시각 : 2025/02/11 15:45:34
 요청 처리 소요 시각 : 1ms 
==================================================
 접속한 클라이언트 IP : 0:0:0:0:0:0:0:1
 접근한 URL 경로 : /BookMarket/addCart.jsp?id=ISBN1236
 요청 처리 시작 시각 : 2025/02/11 15:45:36
 요청 처리 종료 시각 : 2025/02/11 15:45:36
 요청 처리 소요 시각 : 0ms 
==================================================
 접속한 클라이언트 IP : 0:0:0:0:0:0:0:1
 접근한 URL 경로 : /BookMarket/book.jsp?id=ISBN1236
 요청 처리 시작 시각 : 2025/02/11 15:45:36
 요청 처리 종료 시각 : 2025/02/11 15:45:36
 요청 처리 소요 시각 : 0ms 
==================================================
 접속한 클라이언트 IP : 0:0:0:0:0:0:0:1
 접근한 URL 경로 : /BookMarket/addCart.jsp?id=ISBN1236
 요청 처리 시작 시각 : 2025/02/11 15:45:37
 요청 처리 종료 시각 : 2025/02/11 15:45:37
 요청 처리 소요 시각 : 1ms 
==================================================
 접속한 클라이언트 IP : 0:0:0:0:0:0:0:1
 접근한 URL 경로 : /BookMarket/book.jsp?id=ISBN1236
 요청 처리 시작 시각 : 2025/02/11 15:45:37
 요청 처리 종료 시각 : 2025/02/11 15:45:37
 요청 처리 소요 시각 : 0ms 
==================================================
 접속한 클라이언트 IP : 0:0:0:0:0:0:0:1
 접근한 URL 경로 : /BookMarket/cart.jsp
 요청 처리 시작 시각 : 2025/02/11 15:45:38
 요청 처리 종료 시각 : 2025/02/11 15:45:38
 요청 처리 소요 시각 : 1ms 
==================================================
 접속한 클라이언트 IP : 0:0:0:0:0:0:0:1
 접근한 URL 경로 : /BookMarket/deleteCart.jsp?cartId=02F5D2160011D04CA22758F63B8E0E5F
 요청 처리 시작 시각 : 2025/02/11 15:45:40
 요청 처리 종료 시각 : 2025/02/11 15:45:40
 요청 처리 소요 시각 : 2ms 
==================================================
 접속한 클라이언트 IP : 0:0:0:0:0:0:0:1
 접근한 URL 경로 : /BookMarket/cart.jsp
 요청 처리 시작 시각 : 2025/02/11 15:45:40
 요청 처리 종료 시각 : 2025/02/11 15:45:40
 요청 처리 소요 시각 : 1ms 
==================================================
 접속한 클라이언트 IP : 0:0:0:0:0:0:0:1
 접근한 URL 경로 : /BookMarket/books.jsp
 요청 처리 시작 시각 : 2025/02/11 16:07:10
 요청 처리 종료 시각 : 2025/02/11 16:07:10
 요청 처리 소요 시각 : 112ms 
==================================================
 접속한 클라이언트 IP : 0:0:0:0:0:0:0:1
 접근한 URL 경로 : /BookMarket/book.jsp?id=ISBN1236
 요청 처리 시작 시각 : 2025/02/11 16:07:13
 요청 처리 종료 시각 : 2025/02/11 16:07:13
 요청 처리 소요 시각 : 68ms 
==================================================
 접속한 클라이언트 IP : 0:0:0:0:0:0:0:1
 접근한 URL 경로 : /BookMarket/addCart.jsp?id=ISBN1236
 요청 처리 시작 시각 : 2025/02/11 16:07:16
 요청 처리 종료 시각 : 2025/02/11 16:07:16
 요청 처리 소요 시각 : 34ms 
==================================================
 접속한 클라이언트 IP : 0:0:0:0:0:0:0:1
 접근한 URL 경로 : /BookMarket/book.jsp?id=ISBN1236
 요청 처리 시작 시각 : 2025/02/11 16:07:16
 요청 처리 종료 시각 : 2025/02/11 16:07:16
 요청 처리 소요 시각 : 1ms 
==================================================
 접속한 클라이언트 IP : 0:0:0:0:0:0:0:1
 접근한 URL 경로 : /BookMarket/cart.jsp
 요청 처리 시작 시각 : 2025/02/11 16:07:16
 요청 처리 종료 시각 : 2025/02/11 16:07:17
 요청 처리 소요 시각 : 40ms 
==================================================
 접속한 클라이언트 IP : 0:0:0:0:0:0:0:1
 접근한 URL 경로 : /BookMarket/books.jsp
 요청 처리 시작 시각 : 2025/02/11 16:07:21
 요청 처리 종료 시각 : 2025/02/11 16:07:21
 요청 처리 소요 시각 : 1ms 
==================================================
 접속한 클라이언트 IP : 0:0:0:0:0:0:0:1
 접근한 URL 경로 : /BookMarket/book.jsp?id=ISBN1235
 요청 처리 시작 시각 : 2025/02/11 16:07:22
 요청 처리 종료 시각 : 2025/02/11 16:07:22
 요청 처리 소요 시각 : 1ms 
==================================================
 접속한 클라이언트 IP : 0:0:0:0:0:0:0:1
 접근한 URL 경로 : /BookMarket/addCart.jsp?id=ISBN1235
 요청 처리 시작 시각 : 2025/02/11 16:07:25
 요청 처리 종료 시각 : 2025/02/11 16:07:25
 요청 처리 소요 시각 : 1ms 
==================================================
 접속한 클라이언트 IP : 0:0:0:0:0:0:0:1
 접근한 URL 경로 : /BookMarket/book.jsp?id=ISBN1235
 요청 처리 시작 시각 : 2025/02/11 16:07:25
 요청 처리 종료 시각 : 2025/02/11 16:07:25
 요청 처리 소요 시각 : 1ms 
==================================================
 접속한 클라이언트 IP : 0:0:0:0:0:0:0:1
 접근한 URL 경로 : /BookMarket/cart.jsp
 요청 처리 시작 시각 : 2025/02/11 16:07:25
 요청 처리 종료 시각 : 2025/02/11 16:07:25
 요청 처리 소요 시각 : 1ms 
==================================================
 접속한 클라이언트 IP : 0:0:0:0:0:0:0:1
 접근한 URL 경로 : /BookMarket/removeCart.jsp?id=ISBN1236
 요청 처리 시작 시각 : 2025/02/11 16:07:28
 요청 처리 종료 시각 : 2025/02/11 16:07:28
 요청 처리 소요 시각 : 33ms 
==================================================
 접속한 클라이언트 IP : 0:0:0:0:0:0:0:1
 접근한 URL 경로 : /BookMarket/cart.jsp
 요청 처리 시작 시각 : 2025/02/11 16:07:28
 요청 처리 종료 시각 : 2025/02/11 16:07:28
 요청 처리 소요 시각 : 1ms 
==================================================
 접속한 클라이언트 IP : 0:0:0:0:0:0:0:1
 접근한 URL 경로 : /BookMarket/deleteCart.jsp?cartId=5C578DB4B734B372E287FF9BB0949329
 요청 처리 시작 시각 : 2025/02/11 16:07:31
 요청 처리 종료 시각 : 2025/02/11 16:07:31
 요청 처리 소요 시각 : 27ms 
==================================================
 접속한 클라이언트 IP : 0:0:0:0:0:0:0:1
 접근한 URL 경로 : /BookMarket/cart.jsp
 요청 처리 시작 시각 : 2025/02/11 16:07:31
 요청 처리 종료 시각 : 2025/02/11 16:07:31
 요청 처리 소요 시각 : 1ms 
==================================================
 접속한 클라이언트 IP : 0:0:0:0:0:0:0:1
 접근한 URL 경로 : /BookMarket/books.jsp
 요청 처리 시작 시각 : 2025/02/11 16:07:33
 요청 처리 종료 시각 : 2025/02/11 16:07:33
 요청 처리 소요 시각 : 1ms 
==================================================
 접속한 클라이언트 IP : 0:0:0:0:0:0:0:1
 접근한 URL 경로 : /BookMarket/books.jsp
 요청 처리 시작 시각 : 2025/02/12 09:47:00
 요청 처리 종료 시각 : 2025/02/12 09:47:00
 요청 처리 소요 시각 : 636ms 
==================================================
 접속한 클라이언트 IP : 0:0:0:0:0:0:0:1
 접근한 URL 경로 : /BookMarket/resources/css/bootstrap.min.css
 요청 처리 시작 시각 : 2025/02/12 09:47:00
 접속한 클라이언트 IP : 0:0:0:0:0:0:0:1
 접근한 URL 경로 : /BookMarket/resources/images/ISBN1234.jpg
 접속한 클라이언트 IP : 0:0:0:0:0:0:0:1
 요청 처리 시작 시각 : 2025/02/12 09:47:00
 접근한 URL 경로 : /BookMarket/resources/images/ISBN1236.jpg
 접속한 클라이언트 IP : 0:0:0:0:0:0:0:1
 접근한 URL 경로 : /BookMarket/resources/images/ISBN1235.jpg
 요청 처리 시작 시각 : 2025/02/12 09:47:00
 요청 처리 시작 시각 : 2025/02/12 09:47:00
 요청 처리 종료 시각 : 2025/02/12 09:47:00
 요청 처리 종료 시각 : 2025/02/12 09:47:00
 요청 처리 소요 시각 : 6ms 
 요청 처리 종료 시각 : 2025/02/12 09:47:00
==================================================
 요청 처리 소요 시각 : 5ms 
==================================================
 요청 처리 소요 시각 : 6ms 
==================================================
 요청 처리 종료 시각 : 2025/02/12 09:47:00
 요청 처리 소요 시각 : 6ms 
==================================================
 접속한 클라이언트 IP : 0:0:0:0:0:0:0:1
 접근한 URL 경로 : /BookMarket/book.jsp?id=ISBN1234
 요청 처리 시작 시각 : 2025/02/12 09:47:05
 요청 처리 종료 시각 : 2025/02/12 09:47:05
 요청 처리 소요 시각 : 40ms 
==================================================
 접속한 클라이언트 IP : 0:0:0:0:0:0:0:1
 접근한 URL 경로 : /BookMarket/addCart.jsp?id=ISBN1234
 요청 처리 시작 시각 : 2025/02/12 09:47:09
 요청 처리 종료 시각 : 2025/02/12 09:47:09
 요청 처리 소요 시각 : 19ms 
==================================================
 접속한 클라이언트 IP : 0:0:0:0:0:0:0:1
 접근한 URL 경로 : /BookMarket/book.jsp?id=ISBN1234
 요청 처리 시작 시각 : 2025/02/12 09:47:09
 요청 처리 종료 시각 : 2025/02/12 09:47:09
 요청 처리 소요 시각 : 0ms 
==================================================
 접속한 클라이언트 IP : 0:0:0:0:0:0:0:1
 접근한 URL 경로 : /BookMarket/cart.jsp
 요청 처리 시작 시각 : 2025/02/12 09:47:10
 요청 처리 종료 시각 : 2025/02/12 09:47:10
 요청 처리 소요 시각 : 142ms 
==================================================
 접속한 클라이언트 IP : 0:0:0:0:0:0:0:1
 접근한 URL 경로 : /BookMarket/shippingInfo.jsp?cartId=4260F34E84D438DF2AE284F5214C30C4
 요청 처리 시작 시각 : 2025/02/12 09:47:11
 요청 처리 종료 시각 : 2025/02/12 09:47:11
 요청 처리 소요 시각 : 104ms 
==================================================
 접속한 클라이언트 IP : 0:0:0:0:0:0:0:1
 접근한 URL 경로 : /BookMarket/books.jsp
 요청 처리 시작 시각 : 2025/02/12 10:12:33
 요청 처리 종료 시각 : 2025/02/12 10:12:33
 요청 처리 소요 시각 : 76ms 
==================================================
 접속한 클라이언트 IP : 0:0:0:0:0:0:0:1
 접근한 URL 경로 : /BookMarket/book.jsp?id=ISBN1234
 요청 처리 시작 시각 : 2025/02/12 10:12:34
 요청 처리 종료 시각 : 2025/02/12 10:12:34
 요청 처리 소요 시각 : 13ms 
==================================================
 접속한 클라이언트 IP : 0:0:0:0:0:0:0:1
 접근한 URL 경로 : /BookMarket/addCart.jsp?id=ISBN1234
 요청 처리 시작 시각 : 2025/02/12 10:12:37
 요청 처리 종료 시각 : 2025/02/12 10:12:37
 요청 처리 소요 시각 : 3ms 
==================================================
 접속한 클라이언트 IP : 0:0:0:0:0:0:0:1
 접근한 URL 경로 : /BookMarket/book.jsp?id=ISBN1234
 요청 처리 시작 시각 : 2025/02/12 10:12:37
 요청 처리 종료 시각 : 2025/02/12 10:12:37
 요청 처리 소요 시각 : 0ms 
==================================================
 접속한 클라이언트 IP : 0:0:0:0:0:0:0:1
 접근한 URL 경로 : /BookMarket/cart.jsp
 요청 처리 시작 시각 : 2025/02/12 10:12:37
 요청 처리 종료 시각 : 2025/02/12 10:12:37
 요청 처리 소요 시각 : 3ms 
==================================================
 접속한 클라이언트 IP : 0:0:0:0:0:0:0:1
 접근한 URL 경로 : /BookMarket/shippingInfo.jsp?cartId=BDB841157C874BF1947468C105BAFBA0
 요청 처리 시작 시각 : 2025/02/12 10:12:38
 요청 처리 종료 시각 : 2025/02/12 10:12:40
 요청 처리 소요 시각 : 1120ms 
==================================================
 접속한 클라이언트 IP : 0:0:0:0:0:0:0:1
 접근한 URL 경로 : /BookMarket/checkOutCancelled.jsp
 요청 처리 시작 시각 : 2025/02/12 10:13:23
 요청 처리 종료 시각 : 2025/02/12 10:13:23
 요청 처리 소요 시각 : 1ms 
==================================================
 접속한 클라이언트 IP : 0:0:0:0:0:0:0:1
 접근한 URL 경로 : /BookMarket/cart.jsp?cartId=BDB841157C874BF1947468C105BAFBA0
 요청 처리 시작 시각 : 2025/02/12 10:13:26
 요청 처리 종료 시각 : 2025/02/12 10:13:26
 요청 처리 소요 시각 : 3ms 
==================================================
 접속한 클라이언트 IP : 0:0:0:0:0:0:0:1
 접근한 URL 경로 : /BookMarket/shippingInfo.jsp?cartId=BDB841157C874BF1947468C105BAFBA0
 요청 처리 시작 시각 : 2025/02/12 10:13:29
 요청 처리 종료 시각 : 2025/02/12 10:13:29
 요청 처리 소요 시각 : 10ms 
==================================================
 접속한 클라이언트 IP : 0:0:0:0:0:0:0:1
 접근한 URL 경로 : /BookMarket/processShippingInfo.jsp
 요청 처리 시작 시각 : 2025/02/12 10:13:30
 요청 처리 종료 시각 : 2025/02/12 10:13:30
 요청 처리 소요 시각 : 1ms 
==================================================
 접속한 클라이언트 IP : 0:0:0:0:0:0:0:1
 접근한 URL 경로 : /BookMarket/books.jsp
 요청 처리 시작 시각 : 2025/02/12 10:13:32
 요청 처리 종료 시각 : 2025/02/12 10:13:32
 요청 처리 소요 시각 : 3ms 
==================================================
 접속한 클라이언트 IP : 0:0:0:0:0:0:0:1
 접근한 URL 경로 : /BookMarket/shippingInfo.jsp
 요청 처리 시작 시각 : 2025/02/12 10:22:16
 요청 처리 종료 시각 : 2025/02/12 10:22:16
 요청 처리 소요 시각 : 611ms 
==================================================
 접속한 클라이언트 IP : 0:0:0:0:0:0:0:1
 접근한 URL 경로 : /BookMarket/orderConfirmation.jsp
 요청 처리 시작 시각 : 2025/02/12 11:13:22
 접속한 클라이언트 IP : 0:0:0:0:0:0:0:1
 접근한 URL 경로 : /BookMarket/books.jsp
 요청 처리 시작 시각 : 2025/02/12 11:13:36
 요청 처리 종료 시각 : 2025/02/12 11:13:37
 요청 처리 소요 시각 : 141ms 
==================================================
 접속한 클라이언트 IP : 0:0:0:0:0:0:0:1
 접근한 URL 경로 : /BookMarket/book.jsp?id=ISBN1234
 요청 처리 시작 시각 : 2025/02/12 11:13:38
 요청 처리 종료 시각 : 2025/02/12 11:13:38
 요청 처리 소요 시각 : 12ms 
==================================================
 접속한 클라이언트 IP : 0:0:0:0:0:0:0:1
 접근한 URL 경로 : /BookMarket/addCart.jsp?id=ISBN1234
 요청 처리 시작 시각 : 2025/02/12 11:13:39
 요청 처리 종료 시각 : 2025/02/12 11:13:39
 요청 처리 소요 시각 : 3ms 
==================================================
 접속한 클라이언트 IP : 0:0:0:0:0:0:0:1
 접근한 URL 경로 : /BookMarket/book.jsp?id=ISBN1234
 요청 처리 시작 시각 : 2025/02/12 11:13:39
 요청 처리 종료 시각 : 2025/02/12 11:13:39
 요청 처리 소요 시각 : 0ms 
==================================================
 접속한 클라이언트 IP : 0:0:0:0:0:0:0:1
 접근한 URL 경로 : /BookMarket/cart.jsp
 요청 처리 시작 시각 : 2025/02/12 11:13:40
 요청 처리 종료 시각 : 2025/02/12 11:13:40
 요청 처리 소요 시각 : 2ms 
==================================================
 접속한 클라이언트 IP : 0:0:0:0:0:0:0:1
 접근한 URL 경로 : /BookMarket/shippingInfo.jsp?cartId=355EFC4947F17BF3630B08644EAEB81F
 요청 처리 시작 시각 : 2025/02/12 11:13:41
 요청 처리 종료 시각 : 2025/02/12 11:13:41
 요청 처리 소요 시각 : 2ms 
==================================================
 접속한 클라이언트 IP : 0:0:0:0:0:0:0:1
 접근한 URL 경로 : /BookMarket/processShippingInfo.jsp
 요청 처리 시작 시각 : 2025/02/12 11:14:05
 요청 처리 종료 시각 : 2025/02/12 11:14:05
 요청 처리 소요 시각 : 208ms 
==================================================
 접속한 클라이언트 IP : 0:0:0:0:0:0:0:1
 접근한 URL 경로 : /BookMarket/orderConfirmation.jsp
 요청 처리 시작 시각 : 2025/02/12 11:14:05
 요청 처리 종료 시각 : 2025/02/12 11:14:05
 요청 처리 소요 시각 : 4ms 
==================================================
 접속한 클라이언트 IP : 0:0:0:0:0:0:0:1
 접근한 URL 경로 : /BookMarket/ShippingInfo.jsp?cartId=355EFC4947F17BF3630B08644EAEB81F
 요청 처리 시작 시각 : 2025/02/12 11:14:23
 요청 처리 종료 시각 : 2025/02/12 11:14:23
 요청 처리 소요 시각 : 1ms 
==================================================
 접속한 클라이언트 IP : 0:0:0:0:0:0:0:1
 접근한 URL 경로 : /BookMarket/thankCustomer.jsp
 요청 처리 시작 시각 : 2025/02/12 11:14:26
 요청 처리 종료 시각 : 2025/02/12 11:14:26
 요청 처리 소요 시각 : 1ms 
==================================================
 접속한 클라이언트 IP : 0:0:0:0:0:0:0:1
 접근한 URL 경로 : /BookMarket/checkOutCancelled.jsp
 요청 처리 시작 시각 : 2025/02/12 11:14:28
 요청 처리 종료 시각 : 2025/02/12 11:14:28
 요청 처리 소요 시각 : 0ms 
==================================================
 접속한 클라이언트 IP : 0:0:0:0:0:0:0:1
 접근한 URL 경로 : /BookMarket/books.jsp
 요청 처리 시작 시각 : 2025/02/12 11:14:51
 요청 처리 종료 시각 : 2025/02/12 11:14:51
 요청 처리 소요 시각 : 2ms 
==================================================
 접속한 클라이언트 IP : 0:0:0:0:0:0:0:1
 접근한 URL 경로 : /BookMarket/books.jsp
 요청 처리 시작 시각 : 2025/02/12 11:54:15
 요청 처리 종료 시각 : 2025/02/12 11:54:15
 요청 처리 소요 시각 : 2ms 
==================================================
 접속한 클라이언트 IP : 0:0:0:0:0:0:0:1
 접근한 URL 경로 : /BookMarket/book.jsp?id=ISBN1234
 요청 처리 시작 시각 : 2025/02/12 11:54:16
 요청 처리 종료 시각 : 2025/02/12 11:54:16
 요청 처리 소요 시각 : 1ms 
==================================================
 접속한 클라이언트 IP : 0:0:0:0:0:0:0:1
 접근한 URL 경로 : /BookMarket/addCart.jsp?id=ISBN1234
 요청 처리 시작 시각 : 2025/02/12 11:54:17
 요청 처리 종료 시각 : 2025/02/12 11:54:17
 요청 처리 소요 시각 : 1ms 
==================================================
 접속한 클라이언트 IP : 0:0:0:0:0:0:0:1
 접근한 URL 경로 : /BookMarket/book.jsp?id=ISBN1234
 요청 처리 시작 시각 : 2025/02/12 11:54:17
 요청 처리 종료 시각 : 2025/02/12 11:54:17
 요청 처리 소요 시각 : 0ms 
==================================================
 접속한 클라이언트 IP : 0:0:0:0:0:0:0:1
 접근한 URL 경로 : /BookMarket/cart.jsp
 요청 처리 시작 시각 : 2025/02/12 11:54:18
 요청 처리 종료 시각 : 2025/02/12 11:54:18
 요청 처리 소요 시각 : 1ms 
==================================================
 접속한 클라이언트 IP : 0:0:0:0:0:0:0:1
 접근한 URL 경로 : /BookMarket/shippingInfo.jsp?cartId=86E931C200C882598E9CFA1AABF7E1CC
 요청 처리 시작 시각 : 2025/02/12 11:54:20
 요청 처리 종료 시각 : 2025/02/12 11:54:20
 요청 처리 소요 시각 : 3ms 
==================================================
 접속한 클라이언트 IP : 0:0:0:0:0:0:0:1
 접근한 URL 경로 : /BookMarket/processShippingInfo.jsp
 요청 처리 시작 시각 : 2025/02/12 11:54:41
 요청 처리 종료 시각 : 2025/02/12 11:54:41
 요청 처리 소요 시각 : 1ms 
==================================================
 접속한 클라이언트 IP : 0:0:0:0:0:0:0:1
 접근한 URL 경로 : /BookMarket/orderConfirmation.jsp
 요청 처리 시작 시각 : 2025/02/12 11:54:41
 요청 처리 종료 시각 : 2025/02/12 11:54:41
 요청 처리 소요 시각 : 273ms 
==================================================
 접속한 클라이언트 IP : 0:0:0:0:0:0:0:1
 접근한 URL 경로 : /BookMarket/shippingInfo.jsp?cartId=86E931C200C882598E9CFA1AABF7E1CC
 요청 처리 시작 시각 : 2025/02/12 11:54:48
 요청 처리 종료 시각 : 2025/02/12 11:54:48
 요청 처리 소요 시각 : 4ms 
==================================================
 접속한 클라이언트 IP : 0:0:0:0:0:0:0:1
 접근한 URL 경로 : /BookMarket/thankCustomer.jsp
 요청 처리 시작 시각 : 2025/02/12 11:54:54
 요청 처리 종료 시각 : 2025/02/12 11:54:54
 요청 처리 소요 시각 : 199ms 
==================================================
 접속한 클라이언트 IP : 0:0:0:0:0:0:0:1
 접근한 URL 경로 : /BookMarket/checkOutCancelled.jsp
 요청 처리 시작 시각 : 2025/02/12 11:55:18
 요청 처리 종료 시각 : 2025/02/12 11:55:18
 요청 처리 소요 시각 : 190ms 
==================================================
 접속한 클라이언트 IP : 0:0:0:0:0:0:0:1
 접근한 URL 경로 : /BookMarket/thankCustomer.jsp
 요청 처리 시작 시각 : 2025/02/12 11:55:21
 요청 처리 종료 시각 : 2025/02/12 11:55:21
 요청 처리 소요 시각 : 2ms 
==================================================
 접속한 클라이언트 IP : 0:0:0:0:0:0:0:1
 접근한 URL 경로 : /BookMarket/checkOutCancelled.jsp
 요청 처리 시작 시각 : 2025/02/12 11:56:56
 요청 처리 종료 시각 : 2025/02/12 11:56:56
 요청 처리 소요 시각 : 3ms 
==================================================
 접속한 클라이언트 IP : 0:0:0:0:0:0:0:1
 접근한 URL 경로 : /BookMarket/books.jsp
 요청 처리 시작 시각 : 2025/02/12 11:56:57
 요청 처리 종료 시각 : 2025/02/12 11:56:57
 요청 처리 소요 시각 : 1ms 
==================================================
 접속한 클라이언트 IP : 0:0:0:0:0:0:0:1
 접근한 URL 경로 : /BookMarket/thankCustomer.jsp
 요청 처리 시작 시각 : 2025/02/12 11:57:12
 요청 처리 종료 시각 : 2025/02/12 11:57:12
 요청 처리 소요 시각 : 100ms 
==================================================
 접속한 클라이언트 IP : 0:0:0:0:0:0:0:1
 접근한 URL 경로 : /BookMarket/books.jsp
 요청 처리 시작 시각 : 2025/02/12 11:57:14
 요청 처리 종료 시각 : 2025/02/12 11:57:14
 요청 처리 소요 시각 : 1ms 
==================================================
 접속한 클라이언트 IP : 0:0:0:0:0:0:0:1
 접근한 URL 경로 : /BookMarket/checkOutCancelled.jsp
 요청 처리 시작 시각 : 2025/02/12 11:57:17
 요청 처리 종료 시각 : 2025/02/12 11:57:17
 요청 처리 소요 시각 : 0ms 
==================================================
 접속한 클라이언트 IP : 0:0:0:0:0:0:0:1
 접근한 URL 경로 : /BookMarket/ShippingInfo.jsp?cartId=355EFC4947F17BF3630B08644EAEB81F
 요청 처리 시작 시각 : 2025/02/12 11:57:19
 요청 처리 종료 시각 : 2025/02/12 11:57:19
 요청 처리 소요 시각 : 1ms 
==================================================
 접속한 클라이언트 IP : 0:0:0:0:0:0:0:1
 접근한 URL 경로 : /BookMarket/book.jsp?id=ISBN1234
 요청 처리 시작 시각 : 2025/02/12 11:57:25
 요청 처리 종료 시각 : 2025/02/12 11:57:25
 요청 처리 소요 시각 : 3ms 
==================================================
 접속한 클라이언트 IP : 0:0:0:0:0:0:0:1
 접근한 URL 경로 : /BookMarket/addCart.jsp?id=ISBN1234
 요청 처리 시작 시각 : 2025/02/12 11:57:27
 요청 처리 종료 시각 : 2025/02/12 11:57:27
 요청 처리 소요 시각 : 2ms 
==================================================
 접속한 클라이언트 IP : 0:0:0:0:0:0:0:1
 접근한 URL 경로 : /BookMarket/book.jsp?id=ISBN1234
 요청 처리 시작 시각 : 2025/02/12 11:57:27
 요청 처리 종료 시각 : 2025/02/12 11:57:27
 요청 처리 소요 시각 : 0ms 
==================================================
 접속한 클라이언트 IP : 0:0:0:0:0:0:0:1
 접근한 URL 경로 : /BookMarket/cart.jsp
 요청 처리 시작 시각 : 2025/02/12 11:57:27
 요청 처리 종료 시각 : 2025/02/12 11:57:27
 요청 처리 소요 시각 : 2ms 
==================================================
 접속한 클라이언트 IP : 0:0:0:0:0:0:0:1
 접근한 URL 경로 : /BookMarket/shippingInfo.jsp?cartId=1A8F389DEF17B067FCDD79980BEB4F12
 요청 처리 시작 시각 : 2025/02/12 11:57:30
 요청 처리 종료 시각 : 2025/02/12 11:57:30
 요청 처리 소요 시각 : 2ms 
==================================================
 접속한 클라이언트 IP : 0:0:0:0:0:0:0:1
 접근한 URL 경로 : /BookMarket/cart.jsp?cartId=1A8F389DEF17B067FCDD79980BEB4F12
 요청 처리 시작 시각 : 2025/02/12 11:57:31
 요청 처리 종료 시각 : 2025/02/12 11:57:31
 요청 처리 소요 시각 : 0ms 
==================================================
 접속한 클라이언트 IP : 0:0:0:0:0:0:0:1
 접근한 URL 경로 : /BookMarket/shippingInfo.jsp?cartId=1A8F389DEF17B067FCDD79980BEB4F12
 요청 처리 시작 시각 : 2025/02/12 11:57:32
 요청 처리 종료 시각 : 2025/02/12 11:57:32
 요청 처리 소요 시각 : 0ms 
==================================================
 접속한 클라이언트 IP : 0:0:0:0:0:0:0:1
 접근한 URL 경로 : /BookMarket/processShippingInfo.jsp
 요청 처리 시작 시각 : 2025/02/12 11:57:38
 요청 처리 종료 시각 : 2025/02/12 11:57:38
 요청 처리 소요 시각 : 10ms 
==================================================
 접속한 클라이언트 IP : 0:0:0:0:0:0:0:1
 접근한 URL 경로 : /BookMarket/orderConfirmation.jsp
 요청 처리 시작 시각 : 2025/02/12 11:57:38
 요청 처리 종료 시각 : 2025/02/12 11:57:38
 요청 처리 소요 시각 : 0ms 
==================================================
 접속한 클라이언트 IP : 0:0:0:0:0:0:0:1
 접근한 URL 경로 : /BookMarket/thankCustomer.jsp
 요청 처리 시작 시각 : 2025/02/12 11:57:40
 요청 처리 종료 시각 : 2025/02/12 11:57:40
 요청 처리 소요 시각 : 3ms 
==================================================
 접속한 클라이언트 IP : 0:0:0:0:0:0:0:1
 접근한 URL 경로 : /BookMarket/books.jsp
 요청 처리 시작 시각 : 2025/02/12 11:57:41
 요청 처리 종료 시각 : 2025/02/12 11:57:41
 요청 처리 소요 시각 : 1ms 
==================================================
 접속한 클라이언트 IP : 0:0:0:0:0:0:0:1
 접근한 URL 경로 : /BookMarket/shippingInfo.jsp?cartId=1A8F389DEF17B067FCDD79980BEB4F12
 요청 처리 시작 시각 : 2025/02/12 11:57:44
 요청 처리 종료 시각 : 2025/02/12 11:57:44
 요청 처리 소요 시각 : 3ms 
==================================================
 접속한 클라이언트 IP : 0:0:0:0:0:0:0:1
 접근한 URL 경로 : /BookMarket/cart.jsp?cartId=1A8F389DEF17B067FCDD79980BEB4F12
 요청 처리 시작 시각 : 2025/02/12 11:57:45
 요청 처리 종료 시각 : 2025/02/12 11:57:45
 요청 처리 소요 시각 : 1ms 
==================================================
 접속한 클라이언트 IP : 0:0:0:0:0:0:0:1
 접근한 URL 경로 : /BookMarket/books.jsp
 요청 처리 시작 시각 : 2025/02/12 12:21:59
 요청 처리 종료 시각 : 2025/02/12 12:21:59
 요청 처리 소요 시각 : 2ms 
==================================================
 접속한 클라이언트 IP : 0:0:0:0:0:0:0:1
 접근한 URL 경로 : /BookMarket/book.jsp?id=ISBN1234
 요청 처리 시작 시각 : 2025/02/12 12:22:00
 요청 처리 종료 시각 : 2025/02/12 12:22:00
 요청 처리 소요 시각 : 1ms 
==================================================
 접속한 클라이언트 IP : 0:0:0:0:0:0:0:1
 접근한 URL 경로 : /BookMarket/addCart.jsp?id=ISBN1234
 요청 처리 시작 시각 : 2025/02/12 12:22:02
 요청 처리 종료 시각 : 2025/02/12 12:22:02
 요청 처리 소요 시각 : 1ms 
==================================================
 접속한 클라이언트 IP : 0:0:0:0:0:0:0:1
 접근한 URL 경로 : /BookMarket/book.jsp?id=ISBN1234
 요청 처리 시작 시각 : 2025/02/12 12:22:02
 요청 처리 종료 시각 : 2025/02/12 12:22:02
 요청 처리 소요 시각 : 0ms 
==================================================
 접속한 클라이언트 IP : 0:0:0:0:0:0:0:1
 접근한 URL 경로 : /BookMarket/cart.jsp
 요청 처리 시작 시각 : 2025/02/12 12:22:03
 요청 처리 종료 시각 : 2025/02/12 12:22:03
 요청 처리 소요 시각 : 1ms 
==================================================
 접속한 클라이언트 IP : 0:0:0:0:0:0:0:1
 접근한 URL 경로 : /BookMarket/shippingInfo.jsp?cartId=D008ECADE517915FA66B2C9133FE161E
 요청 처리 시작 시각 : 2025/02/12 12:22:04
 요청 처리 종료 시각 : 2025/02/12 12:22:04
 요청 처리 소요 시각 : 1ms 
==================================================
 접속한 클라이언트 IP : 0:0:0:0:0:0:0:1
 접근한 URL 경로 : /BookMarket/processShippingInfo.jsp
 요청 처리 시작 시각 : 2025/02/12 12:22:11
 요청 처리 종료 시각 : 2025/02/12 12:22:11
 요청 처리 소요 시각 : 2ms 
==================================================
 접속한 클라이언트 IP : 0:0:0:0:0:0:0:1
 접근한 URL 경로 : /BookMarket/orderConfirmation.jsp
 요청 처리 시작 시각 : 2025/02/12 12:22:11
 요청 처리 종료 시각 : 2025/02/12 12:22:11
 요청 처리 소요 시각 : 5ms 
==================================================
 접속한 클라이언트 IP : 0:0:0:0:0:0:0:1
 접근한 URL 경로 : /BookMarket/thankCustomer.jsp
 요청 처리 시작 시각 : 2025/02/12 12:22:13
 요청 처리 종료 시각 : 2025/02/12 12:22:13
 요청 처리 소요 시각 : 217ms 
==================================================
 접속한 클라이언트 IP : 0:0:0:0:0:0:0:1
 접근한 URL 경로 : /BookMarket/thankCustomer.jsp
 요청 처리 시작 시각 : 2025/02/12 12:23:45
 요청 처리 종료 시각 : 2025/02/12 12:23:45
 요청 처리 소요 시각 : 98ms 
==================================================
 접속한 클라이언트 IP : 0:0:0:0:0:0:0:1
 접근한 URL 경로 : /BookMarket/thankCustomer.jsp
 요청 처리 시작 시각 : 2025/02/12 12:23:47
 요청 처리 종료 시각 : 2025/02/12 12:23:47
 요청 처리 소요 시각 : 1ms 
==================================================
 접속한 클라이언트 IP : 0:0:0:0:0:0:0:1
 접근한 URL 경로 : /BookMarket/thankCustomer.jsp
 요청 처리 시작 시각 : 2025/02/12 12:24:08
 요청 처리 종료 시각 : 2025/02/12 12:24:08
 요청 처리 소요 시각 : 86ms 
==================================================
 접속한 클라이언트 IP : 0:0:0:0:0:0:0:1
 접근한 URL 경로 : /BookMarket/books.jsp
 요청 처리 시작 시각 : 2025/02/12 12:24:10
 요청 처리 종료 시각 : 2025/02/12 12:24:10
 요청 처리 소요 시각 : 1ms 
==================================================
 접속한 클라이언트 IP : 0:0:0:0:0:0:0:1
 접근한 URL 경로 : /BookMarket/book.jsp?id=ISBN1235
 요청 처리 시작 시각 : 2025/02/12 12:24:11
 요청 처리 종료 시각 : 2025/02/12 12:24:11
 요청 처리 소요 시각 : 1ms 
==================================================
 접속한 클라이언트 IP : 0:0:0:0:0:0:0:1
 접근한 URL 경로 : /BookMarket/addCart.jsp?id=ISBN1235
 요청 처리 시작 시각 : 2025/02/12 12:24:13
 요청 처리 종료 시각 : 2025/02/12 12:24:13
 요청 처리 소요 시각 : 7ms 
==================================================
 접속한 클라이언트 IP : 0:0:0:0:0:0:0:1
 접근한 URL 경로 : /BookMarket/book.jsp?id=ISBN1235
 요청 처리 시작 시각 : 2025/02/12 12:24:13
 요청 처리 종료 시각 : 2025/02/12 12:24:13
 요청 처리 소요 시각 : 0ms 
==================================================
 접속한 클라이언트 IP : 0:0:0:0:0:0:0:1
 접근한 URL 경로 : /BookMarket/cart.jsp
 요청 처리 시작 시각 : 2025/02/12 12:24:14
 요청 처리 종료 시각 : 2025/02/12 12:24:14
 요청 처리 소요 시각 : 3ms 
==================================================
 접속한 클라이언트 IP : 0:0:0:0:0:0:0:1
 접근한 URL 경로 : /BookMarket/shippingInfo.jsp?cartId=003392EBFC04422EA1C3C70F0B77C970
 요청 처리 시작 시각 : 2025/02/12 12:24:15
 요청 처리 종료 시각 : 2025/02/12 12:24:15
 요청 처리 소요 시각 : 3ms 
==================================================
 접속한 클라이언트 IP : 0:0:0:0:0:0:0:1
 접근한 URL 경로 : /BookMarket/processShippingInfo.jsp
 요청 처리 시작 시각 : 2025/02/12 12:24:21
 요청 처리 종료 시각 : 2025/02/12 12:24:21
 요청 처리 소요 시각 : 2ms 
==================================================
 접속한 클라이언트 IP : 0:0:0:0:0:0:0:1
 접근한 URL 경로 : /BookMarket/orderConfirmation.jsp
 요청 처리 시작 시각 : 2025/02/12 12:24:21
 요청 처리 종료 시각 : 2025/02/12 12:24:21
 요청 처리 소요 시각 : 0ms 
==================================================
 접속한 클라이언트 IP : 0:0:0:0:0:0:0:1
 접근한 URL 경로 : /BookMarket/thankCustomer.jsp
 요청 처리 시작 시각 : 2025/02/12 12:24:23
 요청 처리 종료 시각 : 2025/02/12 12:24:23
 요청 처리 소요 시각 : 2ms 
==================================================
 접속한 클라이언트 IP : 0:0:0:0:0:0:0:1
 접근한 URL 경로 : /BookMarket/thankCustomer.jsp
 요청 처리 시작 시각 : 2025/02/12 12:24:46
 요청 처리 종료 시각 : 2025/02/12 12:24:46
 요청 처리 소요 시각 : 91ms 
==================================================
 접속한 클라이언트 IP : 0:0:0:0:0:0:0:1
 접근한 URL 경로 : /BookMarket/books.jsp
 요청 처리 시작 시각 : 2025/02/12 12:24:49
 요청 처리 종료 시각 : 2025/02/12 12:24:49
 요청 처리 소요 시각 : 1ms 
==================================================
 접속한 클라이언트 IP : 0:0:0:0:0:0:0:1
 접근한 URL 경로 : /BookMarket/book.jsp?id=ISBN1236
 요청 처리 시작 시각 : 2025/02/12 12:24:50
 요청 처리 종료 시각 : 2025/02/12 12:24:50
 요청 처리 소요 시각 : 2ms 
==================================================
 접속한 클라이언트 IP : 0:0:0:0:0:0:0:1
 접근한 URL 경로 : /BookMarket/addCart.jsp?id=ISBN1236
 요청 처리 시작 시각 : 2025/02/12 12:24:51
 요청 처리 종료 시각 : 2025/02/12 12:24:51
 요청 처리 소요 시각 : 1ms 
==================================================
 접속한 클라이언트 IP : 0:0:0:0:0:0:0:1
 접근한 URL 경로 : /BookMarket/book.jsp?id=ISBN1236
 요청 처리 시작 시각 : 2025/02/12 12:24:51
 요청 처리 종료 시각 : 2025/02/12 12:24:51
 요청 처리 소요 시각 : 0ms 
==================================================
 접속한 클라이언트 IP : 0:0:0:0:0:0:0:1
 접근한 URL 경로 : /BookMarket/cart.jsp
 요청 처리 시작 시각 : 2025/02/12 12:24:51
 요청 처리 종료 시각 : 2025/02/12 12:24:51
 요청 처리 소요 시각 : 2ms 
==================================================
 접속한 클라이언트 IP : 0:0:0:0:0:0:0:1
 접근한 URL 경로 : /BookMarket/shippingInfo.jsp?cartId=8C57D6B8B2DD85FF88E91FEFD16F20F8
 요청 처리 시작 시각 : 2025/02/12 12:24:53
 요청 처리 종료 시각 : 2025/02/12 12:24:53
 요청 처리 소요 시각 : 3ms 
==================================================
 접속한 클라이언트 IP : 0:0:0:0:0:0:0:1
 접근한 URL 경로 : /BookMarket/processShippingInfo.jsp
 요청 처리 시작 시각 : 2025/02/12 12:24:59
 요청 처리 종료 시각 : 2025/02/12 12:24:59
 요청 처리 소요 시각 : 1ms 
==================================================
 접속한 클라이언트 IP : 0:0:0:0:0:0:0:1
 접근한 URL 경로 : /BookMarket/orderConfirmation.jsp
 요청 처리 시작 시각 : 2025/02/12 12:24:59
 요청 처리 종료 시각 : 2025/02/12 12:24:59
 요청 처리 소요 시각 : 6ms 
==================================================
 접속한 클라이언트 IP : 0:0:0:0:0:0:0:1
 접근한 URL 경로 : /BookMarket/thankCustomer.jsp
 요청 처리 시작 시각 : 2025/02/12 12:25:01
 요청 처리 종료 시각 : 2025/02/12 12:25:01
 요청 처리 소요 시각 : 2ms 
==================================================
