
2월 03, 2025 12:00:07.47 NEW SESSION
2월 03, 2025 12:00:07.48 Created TensorFlow Lite XNNPACK delegate for CPU.
2월 03, 2025 12:00:50.11 Created TensorFlow Lite XNNPACK delegate for CPU.
2월 03, 2025 12:01:35.08 Created TensorFlow Lite XNNPACK delegate for CPU.
2월 03, 2025 12:03:10.94 Created TensorFlow Lite XNNPACK delegate for CPU.
2월 03, 2025 12:04:01.20 Created TensorFlow Lite XNNPACK delegate for CPU.
2월 03, 2025 12:07:13.98 Created TensorFlow Lite XNNPACK delegate for CPU.
2월 03, 2025 12:09:10.23 Created TensorFlow Lite XNNPACK delegate for CPU.
2월 03, 2025 12:09:33.05 Created TensorFlow Lite XNNPACK delegate for CPU.
2월 03, 2025 12:39:10.19 Created TensorFlow Lite XNNPACK delegate for CPU.
2월 03, 2025 14:08:42.43 Created TensorFlow Lite XNNPACK delegate for CPU.
2월 03, 2025 14:09:29.04 Created TensorFlow Lite XNNPACK delegate for CPU.
2월 03, 2025 14:22:05.21 Created TensorFlow Lite XNNPACK delegate for CPU.
2월 03, 2025 14:28:27.92 Created TensorFlow Lite XNNPACK delegate for CPU.
2월 03, 2025 14:29:25.82 Created TensorFlow Lite XNNPACK delegate for CPU.
2월 03, 2025 14:42:27.26 Created TensorFlow Lite XNNPACK delegate for CPU.
2월 03, 2025 14:50:29.57 Created TensorFlow Lite XNNPACK delegate for CPU.
2월 03, 2025 14:51:20.16 Created TensorFlow Lite XNNPACK delegate for CPU.
2월 03, 2025 15:09:39.31 Created TensorFlow Lite XNNPACK delegate for CPU.
2월 03, 2025 15:17:03.45 Created TensorFlow Lite XNNPACK delegate for CPU.
2월 03, 2025 15:48:56.95 Created TensorFlow Lite XNNPACK delegate for CPU.

2월 04, 2025 11:32:49.14 NEW SESSION
2월 04, 2025 11:32:49.14 Created TensorFlow Lite XNNPACK delegate for CPU.
2월 04, 2025 11:33:08.66 Created TensorFlow Lite XNNPACK delegate for CPU.
2월 04, 2025 11:45:32.40 Created TensorFlow Lite XNNPACK delegate for CPU.
2월 04, 2025 12:12:08.77 Created TensorFlow Lite XNNPACK delegate for CPU.
2월 04, 2025 12:14:42.13 Created TensorFlow Lite XNNPACK delegate for CPU.
2월 04, 2025 12:50:43.72 Created TensorFlow Lite XNNPACK delegate for CPU.
2월 04, 2025 12:51:14.93 Created TensorFlow Lite XNNPACK delegate for CPU.
2월 04, 2025 14:09:42.64 Created TensorFlow Lite XNNPACK delegate for CPU.
2월 04, 2025 14:34:38.73 Created TensorFlow Lite XNNPACK delegate for CPU.
2월 04, 2025 14:45:40.06 Created TensorFlow Lite XNNPACK delegate for CPU.
2월 04, 2025 14:49:13.25 Created TensorFlow Lite XNNPACK delegate for CPU.
2월 04, 2025 15:02:58.08 Created TensorFlow Lite XNNPACK delegate for CPU.
2월 04, 2025 15:14:46.01 Created TensorFlow Lite XNNPACK delegate for CPU.
2월 04, 2025 15:15:19.55 Created TensorFlow Lite XNNPACK delegate for CPU.
2월 04, 2025 15:20:23.40 Created TensorFlow Lite XNNPACK delegate for CPU.
2월 04, 2025 15:26:12.95 Created TensorFlow Lite XNNPACK delegate for CPU.
2월 04, 2025 17:27:33.08 Created TensorFlow Lite XNNPACK delegate for CPU.

2월 05, 2025 09:33:49.43 NEW SESSION
2월 05, 2025 09:33:49.44 Created TensorFlow Lite XNNPACK delegate for CPU.
2월 05, 2025 09:48:24.52 Created TensorFlow Lite XNNPACK delegate for CPU.
2월 05, 2025 09:48:55.61 Created TensorFlow Lite XNNPACK delegate for CPU.
2월 05, 2025 09:49:30.80 Created TensorFlow Lite XNNPACK delegate for CPU.
2월 05, 2025 10:12:38.48 Created TensorFlow Lite XNNPACK delegate for CPU.
2월 05, 2025 10:26:47.52 Created TensorFlow Lite XNNPACK delegate for CPU.
2월 05, 2025 11:05:52.69 Created TensorFlow Lite XNNPACK delegate for CPU.
2월 05, 2025 11:23:08.67 Created TensorFlow Lite XNNPACK delegate for CPU.
2월 05, 2025 11:24:20.30 Created TensorFlow Lite XNNPACK delegate for CPU.
2월 05, 2025 11:28:51.12 Created TensorFlow Lite XNNPACK delegate for CPU.
2월 05, 2025 11:38:51.71 Created TensorFlow Lite XNNPACK delegate for CPU.
2월 05, 2025 11:44:15.93 Created TensorFlow Lite XNNPACK delegate for CPU.
2월 05, 2025 12:40:20.51 Created TensorFlow Lite XNNPACK delegate for CPU.
2월 05, 2025 12:44:52.12 Created TensorFlow Lite XNNPACK delegate for CPU.
2월 05, 2025 13:52:45.56 Created TensorFlow Lite XNNPACK delegate for CPU.
2월 05, 2025 15:39:12.84 Created TensorFlow Lite XNNPACK delegate for CPU.
2월 05, 2025 15:50:47.48 Created TensorFlow Lite XNNPACK delegate for CPU.
2월 05, 2025 16:09:34.82 Created TensorFlow Lite XNNPACK delegate for CPU.

2월 05, 2025 17:21:40.42 NEW SESSION
2월 05, 2025 17:21:40.42 Created TensorFlow Lite XNNPACK delegate for CPU.

2월 06, 2025 09:32:15.28 NEW SESSION
2월 06, 2025 09:32:15.28 Created TensorFlow Lite XNNPACK delegate for CPU.
2월 06, 2025 09:44:43.18 Created TensorFlow Lite XNNPACK delegate for CPU.
2월 06, 2025 10:36:19.36 Created TensorFlow Lite XNNPACK delegate for CPU.
2월 06, 2025 10:38:28.62 Created TensorFlow Lite XNNPACK delegate for CPU.

2월 06, 2025 12:02:47.48 NEW SESSION
2월 06, 2025 12:02:47.49 Created TensorFlow Lite XNNPACK delegate for CPU.
2월 06, 2025 12:09:42.83 Created TensorFlow Lite XNNPACK delegate for CPU.
2월 06, 2025 12:36:28.30 Created TensorFlow Lite XNNPACK delegate for CPU.
2월 06, 2025 14:31:02.95 Created TensorFlow Lite XNNPACK delegate for CPU.
2월 06, 2025 14:35:14.54 Created TensorFlow Lite XNNPACK delegate for CPU.
2월 06, 2025 14:35:39.98 Created TensorFlow Lite XNNPACK delegate for CPU.
2월 06, 2025 14:39:49.80 Created TensorFlow Lite XNNPACK delegate for CPU.
2월 06, 2025 14:40:42.51 Created TensorFlow Lite XNNPACK delegate for CPU.
2월 06, 2025 14:41:51.78 Created TensorFlow Lite XNNPACK delegate for CPU.
2월 06, 2025 14:42:04.95 Created TensorFlow Lite XNNPACK delegate for CPU.
2월 06, 2025 14:45:01.74 Created TensorFlow Lite XNNPACK delegate for CPU.
2월 06, 2025 14:46:15.36 Created TensorFlow Lite XNNPACK delegate for CPU.
2월 06, 2025 15:11:56.26 Created TensorFlow Lite XNNPACK delegate for CPU.
2월 06, 2025 15:43:05.28 Created TensorFlow Lite XNNPACK delegate for CPU.
2월 06, 2025 15:45:18.07 Created TensorFlow Lite XNNPACK delegate for CPU.
2월 06, 2025 15:56:08.21 Created TensorFlow Lite XNNPACK delegate for CPU.
2월 06, 2025 16:00:12.03 Created TensorFlow Lite XNNPACK delegate for CPU.
2월 06, 2025 17:28:46.04 Created TensorFlow Lite XNNPACK delegate for CPU.
2월 06, 2025 17:33:01.28 Created TensorFlow Lite XNNPACK delegate for CPU.

2월 07, 2025 10:52:25.57 NEW SESSION
2월 07, 2025 10:52:25.57 Created TensorFlow Lite XNNPACK delegate for CPU.

2월 07, 2025 14:23:06.32 NEW SESSION
2월 07, 2025 14:23:06.33 Created TensorFlow Lite XNNPACK delegate for CPU.
2월 07, 2025 14:26:07.61 Created TensorFlow Lite XNNPACK delegate for CPU.
2월 07, 2025 14:26:45.38 Created TensorFlow Lite XNNPACK delegate for CPU.
2월 07, 2025 14:27:11.34 Created TensorFlow Lite XNNPACK delegate for CPU.
2월 07, 2025 14:28:03.64 Created TensorFlow Lite XNNPACK delegate for CPU.
2월 07, 2025 14:41:50.43 Created TensorFlow Lite XNNPACK delegate for CPU.
2월 07, 2025 15:11:09.35 Created TensorFlow Lite XNNPACK delegate for CPU.
2월 07, 2025 15:11:37.19 Created TensorFlow Lite XNNPACK delegate for CPU.
2월 07, 2025 15:22:47.62 Created TensorFlow Lite XNNPACK delegate for CPU.
2월 07, 2025 15:50:14.81 Created TensorFlow Lite XNNPACK delegate for CPU.
2월 07, 2025 15:50:32.31 Created TensorFlow Lite XNNPACK delegate for CPU.
2월 07, 2025 15:55:49.86 Created TensorFlow Lite XNNPACK delegate for CPU.

2월 07, 2025 16:03:55.82 NEW SESSION
2월 07, 2025 16:03:55.82 Created TensorFlow Lite XNNPACK delegate for CPU.
2월 07, 2025 16:05:49.75 Created TensorFlow Lite XNNPACK delegate for CPU.
2월 07, 2025 16:08:40.41 Created TensorFlow Lite XNNPACK delegate for CPU.
2월 07, 2025 16:09:00.50 Created TensorFlow Lite XNNPACK delegate for CPU.
2월 07, 2025 16:17:17.79 Created TensorFlow Lite XNNPACK delegate for CPU.
2월 07, 2025 16:18:12.33 Created TensorFlow Lite XNNPACK delegate for CPU.
2월 07, 2025 16:20:09.72 Created TensorFlow Lite XNNPACK delegate for CPU.
2월 07, 2025 16:23:26.00 Created TensorFlow Lite XNNPACK delegate for CPU.
2월 07, 2025 16:31:32.75 Created TensorFlow Lite XNNPACK delegate for CPU.
2월 07, 2025 16:35:30.48 Created TensorFlow Lite XNNPACK delegate for CPU.
2월 07, 2025 16:35:30.63 [12392:7652:0207/163530.636:ERROR:cpu_probe_win.cc(135)] PdhGetFormattedCounterValue failed: Error (0x13D) while retrieving error. (0x800007D6)
2월 07, 2025 16:35:30.63 [12392:12676:0207/163530.636:ERROR:cpu_probe_win.cc(135)] PdhGetFormattedCounterValue failed: Error (0x13D) while retrieving error. (0x800007D6)
2월 07, 2025 16:38:09.00 Created TensorFlow Lite XNNPACK delegate for CPU.
2월 07, 2025 16:38:18.50 Created TensorFlow Lite XNNPACK delegate for CPU.
2월 07, 2025 16:39:33.29 Created TensorFlow Lite XNNPACK delegate for CPU.
2월 07, 2025 17:45:09.41 [3028:5516:0207/174509.416:ERROR:edge_auth_errors.cc(527)] EDGE_IDENTITY: Get Default OS Account failed: Error: Primary Error: kImplicitSignInFailure, Secondary Error: kAccountProviderFetchError, Platform error: 0, Error string: 
2월 07, 2025 17:45:09.41 

2월 10, 2025 09:03:45.98 NEW SESSION
2월 10, 2025 09:03:45.99 Created TensorFlow Lite XNNPACK delegate for CPU.
2월 10, 2025 09:16:16.38 [1896:14924:0210/091616.386:ERROR:interface_endpoint_client.cc(725)] Message 0 rejected by interface blink.mojom.WidgetHost
2월 10, 2025 09:16:18.31 Created TensorFlow Lite XNNPACK delegate for CPU.
2월 10, 2025 16:07:04.93 Created TensorFlow Lite XNNPACK delegate for CPU.
2월 10, 2025 16:46:48.47 Created TensorFlow Lite XNNPACK delegate for CPU.
2월 10, 2025 17:19:08.78 Created TensorFlow Lite XNNPACK delegate for CPU.
2월 10, 2025 17:20:29.17 Created TensorFlow Lite XNNPACK delegate for CPU.
2월 10, 2025 17:46:50.62 Created TensorFlow Lite XNNPACK delegate for CPU.

2월 11, 2025 09:29:38.99 NEW SESSION
2월 11, 2025 09:29:38.99 Created TensorFlow Lite XNNPACK delegate for CPU.
2월 11, 2025 09:45:41.51 Created TensorFlow Lite XNNPACK delegate for CPU.
2월 11, 2025 09:51:44.72 Created TensorFlow Lite XNNPACK delegate for CPU.
2월 11, 2025 10:36:18.68 Created TensorFlow Lite XNNPACK delegate for CPU.
2월 11, 2025 10:43:38.21 Created TensorFlow Lite XNNPACK delegate for CPU.
2월 11, 2025 11:13:59.10 Created TensorFlow Lite XNNPACK delegate for CPU.
2월 11, 2025 11:33:27.37 Created TensorFlow Lite XNNPACK delegate for CPU.
2월 11, 2025 11:44:44.02 Created TensorFlow Lite XNNPACK delegate for CPU.
2월 11, 2025 12:08:35.31 Created TensorFlow Lite XNNPACK delegate for CPU.
2월 11, 2025 12:15:13.12 Created TensorFlow Lite XNNPACK delegate for CPU.
2월 11, 2025 12:28:47.01 Created TensorFlow Lite XNNPACK delegate for CPU.
2월 11, 2025 12:29:15.16 Created TensorFlow Lite XNNPACK delegate for CPU.
2월 11, 2025 12:29:55.64 Created TensorFlow Lite XNNPACK delegate for CPU.
2월 11, 2025 12:30:17.50 Created TensorFlow Lite XNNPACK delegate for CPU.
2월 11, 2025 14:47:59.33 Created TensorFlow Lite XNNPACK delegate for CPU.
2월 11, 2025 15:11:40.87 Created TensorFlow Lite XNNPACK delegate for CPU.
2월 11, 2025 15:13:28.01 Created TensorFlow Lite XNNPACK delegate for CPU.
2월 11, 2025 15:19:26.10 Created TensorFlow Lite XNNPACK delegate for CPU.
2월 11, 2025 15:23:28.69 Created TensorFlow Lite XNNPACK delegate for CPU.
2월 11, 2025 15:30:02.53 Created TensorFlow Lite XNNPACK delegate for CPU.
2월 11, 2025 15:36:03.80 Created TensorFlow Lite XNNPACK delegate for CPU.
2월 11, 2025 16:07:12.54 Created TensorFlow Lite XNNPACK delegate for CPU.
2월 11, 2025 16:48:41.33 Created TensorFlow Lite XNNPACK delegate for CPU.
2월 11, 2025 17:33:33.34 Created TensorFlow Lite XNNPACK delegate for CPU.
2월 11, 2025 17:34:59.94 Created TensorFlow Lite XNNPACK delegate for CPU.
2월 11, 2025 17:35:39.45 Created TensorFlow Lite XNNPACK delegate for CPU.
2월 11, 2025 17:37:06.90 Created TensorFlow Lite XNNPACK delegate for CPU.

2월 12, 2025 09:18:44.65 NEW SESSION
2월 12, 2025 09:18:44.65 Created TensorFlow Lite XNNPACK delegate for CPU.
2월 12, 2025 09:27:37.61 Created TensorFlow Lite XNNPACK delegate for CPU.
2월 12, 2025 09:28:51.07 Created TensorFlow Lite XNNPACK delegate for CPU.
2월 12, 2025 09:33:03.67 Created TensorFlow Lite XNNPACK delegate for CPU.
2월 12, 2025 09:41:57.75 Created TensorFlow Lite XNNPACK delegate for CPU.
2월 12, 2025 09:42:27.47 Created TensorFlow Lite XNNPACK delegate for CPU.
2월 12, 2025 09:47:02.55 Created TensorFlow Lite XNNPACK delegate for CPU.
2월 12, 2025 10:12:36.18 Created TensorFlow Lite XNNPACK delegate for CPU.
2월 12, 2025 10:22:18.33 Created TensorFlow Lite XNNPACK delegate for CPU.
2월 12, 2025 11:13:42.66 Created TensorFlow Lite XNNPACK delegate for CPU.
2월 12, 2025 12:22:02.56 Created TensorFlow Lite XNNPACK delegate for CPU.
2월 12, 2025 14:30:23.56 Created TensorFlow Lite XNNPACK delegate for CPU.
2월 12, 2025 14:35:16.64 Created TensorFlow Lite XNNPACK delegate for CPU.
2월 12, 2025 14:43:57.74 Created TensorFlow Lite XNNPACK delegate for CPU.
2월 12, 2025 14:48:32.58 Created TensorFlow Lite XNNPACK delegate for CPU.
2월 12, 2025 15:00:03.84 Created TensorFlow Lite XNNPACK delegate for CPU.

2월 12, 2025 17:37:26.37 NEW SESSION
2월 12, 2025 17:37:26.37 Created TensorFlow Lite XNNPACK delegate for CPU.

2월 13, 2025 09:42:28.34 NEW SESSION
2월 13, 2025 09:42:28.35 Created TensorFlow Lite XNNPACK delegate for CPU.
2월 13, 2025 09:47:56.12 Created TensorFlow Lite XNNPACK delegate for CPU.
2월 13, 2025 09:56:47.37 Created TensorFlow Lite XNNPACK delegate for CPU.
2월 13, 2025 10:00:15.14 Created TensorFlow Lite XNNPACK delegate for CPU.
2월 13, 2025 17:28:38.13 Created TensorFlow Lite XNNPACK delegate for CPU.

2월 14, 2025 09:09:52.50 NEW SESSION
2월 14, 2025 09:09:52.51 Created TensorFlow Lite XNNPACK delegate for CPU.
2월 14, 2025 14:39:40.45 Created TensorFlow Lite XNNPACK delegate for CPU.
2월 14, 2025 14:41:07.05 Created TensorFlow Lite XNNPACK delegate for CPU.
2월 14, 2025 14:55:14.32 Created TensorFlow Lite XNNPACK delegate for CPU.
2월 14, 2025 15:07:06.79 Created TensorFlow Lite XNNPACK delegate for CPU.

2월 17, 2025 09:20:16.89 NEW SESSION
2월 17, 2025 09:20:16.90 Created TensorFlow Lite XNNPACK delegate for CPU.
2월 17, 2025 09:38:26.59 Created TensorFlow Lite XNNPACK delegate for CPU.
2월 17, 2025 09:53:27.96 Created TensorFlow Lite XNNPACK delegate for CPU.
2월 17, 2025 15:23:12.91 [6804:4320:0217/152312.916:ERROR:device_event_log_impl.cc(201)] [15:23:12.917] Bluetooth: bluetooth_adapter_winrt.cc:1054 Getting Default Adapter failed.
2월 17, 2025 16:11:32.53 Created TensorFlow Lite XNNPACK delegate for CPU.

2월 17, 2025 17:54:55.14 NEW SESSION
2월 17, 2025 17:54:55.15 Created TensorFlow Lite XNNPACK delegate for CPU.
2월 17, 2025 18:31:00.84 Created TensorFlow Lite XNNPACK delegate for CPU.
2월 17, 2025 18:35:44.38 Created TensorFlow Lite XNNPACK delegate for CPU.
2월 17, 2025 18:45:45.32 Created TensorFlow Lite XNNPACK delegate for CPU.
